# JRE version: OpenJDK Runtime Environment Temurin-21.0.9+10 (21.0.9+10) (build 21.0.9+10-LTS)
# Java VM: OpenJDK 64-Bit Server VM Temurin-21.0.9+10 (21.0.9+10-LTS, mixed mode, sharing, tiered, compressed oops, compressed class ptrs, parallel gc, windows-amd64)
GC Precious Log:
 CardTable entry size: 512
 CPUs: 12 total, 12 available
 Memory: 7501M
 Large Page Support: Disabled
 NUMA Support: Disabled
 Compressed Oops: Enabled (32-bit)
 Alignments: Space 512K, Generation 512K, Heap 2M
 Heap Min Capacity: 100M
 Heap Initial Capacity: 100M
 Heap Max Capacity: 2G
 Pre-touch: Disabled
 Parallel Workers: 10
Heap:
 PSYoungGen      total 3584K, used 2609K [0x00000000d5580000, 0x00000000d5e00000, 0x0000000100000000)
  eden space 3072K, 74% used [0x00000000d5580000,0x00000000d57bc750,0x00000000d5880000)
  from space 512K, 62% used [0x00000000d5d00000,0x00000000d5d50000,0x00000000d5d80000)
  to   space 512K, 0% used [0x00000000d5d80000,0x00000000d5d80000,0x00000000d5e00000)
 ParOldGen       total 201728K, used 201670K [0x0000000080000000, 0x000000008c500000, 0x00000000d5580000)
  object space 201728K, 99% used [0x0000000080000000,0x000000008c4f1b28,0x000000008c500000)
 Metaspace       used 77964K, committed 79552K, reserved 1179648K
  class space    used 7897K, committed 8704K, reserved 1048576K
GC Heap History (20 events):
Event: 6998.215 GC heap before
{Heap before GC invocations=800 (full 4):
 PSYoungGen      total 7168K, used 6688K [0x00000000d5580000, 0x00000000d5f80000, 0x0000000100000000)
  eden space 5632K, 100% used [0x00000000d5580000,0x00000000d5b00000,0x00000000d5b00000)
  from space 1536K, 68% used [0x00000000d5b80000,0x00000000d5c88000,0x00000000d5d00000)
  to   space 2048K, 0% used [0x00000000d5d80000,0x00000000d5d80000,0x00000000d5f80000)
 ParOldGen       total 194048K, used 193894K [0x0000000080000000, 0x000000008bd80000, 0x00000000d5580000)
  object space 194048K, 99% used [0x0000000080000000,0x000000008bd59be0,0x000000008bd80000)
 Metaspace       used 77762K, committed 79360K, reserved 1179648K
  class space    used 7896K, committed 8704K, reserved 1048576K
}
Event: 6998.218 GC heap after
{Heap after GC invocations=800 (full 4):
 PSYoungGen      total 7168K, used 1088K [0x00000000d5580000, 0x00000000d5f00000, 0x0000000100000000)
  eden space 5632K, 0% used [0x00000000d5580000,0x00000000d5580000,0x00000000d5b00000)
  from space 1536K, 70% used [0x00000000d5d80000,0x00000000d5e90000,0x00000000d5f00000)
  to   space 1536K, 0% used [0x00000000d5b80000,0x00000000d5b80000,0x00000000d5d00000)
 ParOldGen       total 195072K, used 194772K [0x0000000080000000, 0x000000008be80000, 0x00000000d5580000)
  object space 195072K, 99% used [0x0000000080000000,0x000000008be35148,0x000000008be80000)
 Metaspace       used 77762K, committed 79360K, reserved 1179648K
  class space    used 7896K, committed 8704K, reserved 1048576K
}
Event: 6998.311 GC heap before
{Heap before GC invocations=801 (full 4):
 PSYoungGen      total 7168K, used 6720K [0x00000000d5580000, 0x00000000d5f00000, 0x0000000100000000)
  eden space 5632K, 100% used [0x00000000d5580000,0x00000000d5b00000,0x00000000d5b00000)
  from space 1536K, 70% used [0x00000000d5d80000,0x00000000d5e90000,0x00000000d5f00000)
  to   space 1536K, 0% used [0x00000000d5b80000,0x00000000d5b80000,0x00000000d5d00000)
 ParOldGen       total 195072K, used 194772K [0x0000000080000000, 0x000000008be80000, 0x00000000d5580000)
  object space 195072K, 99% used [0x0000000080000000,0x000000008be35148,0x000000008be80000)
 Metaspace       used 77863K, committed 79424K, reserved 1179648K
  class space    used 7897K, committed 8704K, reserved 1048576K
}
Event: 6998.313 GC heap after
{Heap after GC invocations=801 (full 4):
 PSYoungGen      total 6656K, used 1008K [0x00000000d5580000, 0x00000000d5e00000, 0x0000000100000000)
  eden space 5632K, 0% used [0x00000000d5580000,0x00000000d5580000,0x00000000d5b00000)
  from space 1024K, 98% used [0x00000000d5b80000,0x00000000d5c7c010,0x00000000d5c80000)
  to   space 1536K, 0% used [0x00000000d5c80000,0x00000000d5c80000,0x00000000d5e00000)
 ParOldGen       total 196096K, used 195692K [0x0000000080000000, 0x000000008bf80000, 0x00000000d5580000)
  object space 196096K, 99% used [0x0000000080000000,0x000000008bf1b168,0x000000008bf80000)
 Metaspace       used 77863K, committed 79424K, reserved 1179648K
  class space    used 7897K, committed 8704K, reserved 1048576K
}
Event: 6998.357 GC heap before
{Heap before GC invocations=802 (full 4):
 PSYoungGen      total 6656K, used 6640K [0x00000000d5580000, 0x00000000d5e00000, 0x0000000100000000)
  eden space 5632K, 100% used [0x00000000d5580000,0x00000000d5b00000,0x00000000d5b00000)
  from space 1024K, 98% used [0x00000000d5b80000,0x00000000d5c7c010,0x00000000d5c80000)
  to   space 1536K, 0% used [0x00000000d5c80000,0x00000000d5c80000,0x00000000d5e00000)
 ParOldGen       total 196096K, used 195692K [0x0000000080000000, 0x000000008bf80000, 0x00000000d5580000)
  object space 196096K, 99% used [0x0000000080000000,0x000000008bf1b168,0x000000008bf80000)
 Metaspace       used 77909K, committed 79488K, reserved 1179648K
  class space    used 7897K, committed 8704K, reserved 1048576K
}
Event: 6998.360 GC heap after
{Heap after GC invocations=802 (full 4):
 PSYoungGen      total 6656K, used 864K [0x00000000d5580000, 0x00000000d5d80000, 0x0000000100000000)
  eden space 5632K, 0% used [0x00000000d5580000,0x00000000d5580000,0x00000000d5b00000)
  from space 1024K, 84% used [0x00000000d5c80000,0x00000000d5d58000,0x00000000d5d80000)
  to   space 1024K, 0% used [0x00000000d5b80000,0x00000000d5b80000,0x00000000d5c80000)
 ParOldGen       total 196608K, used 196544K [0x0000000080000000, 0x000000008c000000, 0x00000000d5580000)
  object space 196608K, 99% used [0x0000000080000000,0x000000008bff0098,0x000000008c000000)
 Metaspace       used 77909K, committed 79488K, reserved 1179648K
  class space    used 7897K, committed 8704K, reserved 1048576K
}
Event: 6998.422 GC heap before
{Heap before GC invocations=803 (full 4):
 PSYoungGen      total 6656K, used 6493K [0x00000000d5580000, 0x00000000d5d80000, 0x0000000100000000)
  eden space 5632K, 99% used [0x00000000d5580000,0x00000000d5aff500,0x00000000d5b00000)
  from space 1024K, 84% used [0x00000000d5c80000,0x00000000d5d58000,0x00000000d5d80000)
  to   space 1024K, 0% used [0x00000000d5b80000,0x00000000d5b80000,0x00000000d5c80000)
 ParOldGen       total 196608K, used 196544K [0x0000000080000000, 0x000000008c000000, 0x00000000d5580000)
  object space 196608K, 99% used [0x0000000080000000,0x000000008bff0098,0x000000008c000000)
 Metaspace       used 77912K, committed 79488K, reserved 1179648K
  class space    used 7897K, committed 8704K, reserved 1048576K
}
Event: 6998.424 GC heap after
{Heap after GC invocations=803 (full 4):
 PSYoungGen      total 6656K, used 1023K [0x00000000d5580000, 0x00000000d6400000, 0x0000000100000000)
  eden space 5632K, 0% used [0x00000000d5580000,0x00000000d5580000,0x00000000d5b00000)
  from space 1024K, 99% used [0x00000000d5b80000,0x00000000d5c7fd98,0x00000000d5c80000)
  to   space 4608K, 0% used [0x00000000d5f80000,0x00000000d5f80000,0x00000000d6400000)
 ParOldGen       total 199680K, used 199333K [0x0000000080000000, 0x000000008c300000, 0x00000000d5580000)
  object space 199680K, 99% used [0x0000000080000000,0x000000008c2a9448,0x000000008c300000)
 Metaspace       used 77912K, committed 79488K, reserved 1179648K
  class space    used 7897K, committed 8704K, reserved 1048576K
}
Event: 6998.470 GC heap before
{Heap before GC invocations=804 (full 4):
 PSYoungGen      total 6656K, used 6650K [0x00000000d5580000, 0x00000000d6400000, 0x0000000100000000)
  eden space 5632K, 99% used [0x00000000d5580000,0x00000000d5afea70,0x00000000d5b00000)
  from space 1024K, 99% used [0x00000000d5b80000,0x00000000d5c7fd98,0x00000000d5c80000)
  to   space 4608K, 0% used [0x00000000d5f80000,0x00000000d5f80000,0x00000000d6400000)
 ParOldGen       total 199680K, used 199333K [0x0000000080000000, 0x000000008c300000, 0x00000000d5580000)
  object space 199680K, 99% used [0x0000000080000000,0x000000008c2a9448,0x000000008c300000)
 Metaspace       used 77912K, committed 79488K, reserved 1179648K
  class space    used 7897K, committed 8704K, reserved 1048576K
}
Event: 6998.474 GC heap after
{Heap after GC invocations=804 (full 4):
 PSYoungGen      total 7680K, used 4601K [0x00000000d5580000, 0x00000000d6900000, 0x0000000100000000)
  eden space 3072K, 0% used [0x00000000d5580000,0x00000000d5580000,0x00000000d5880000)
  from space 4608K, 99% used [0x00000000d5f80000,0x00000000d63fe7d8,0x00000000d6400000)
  to   space 7168K, 0% used [0x00000000d5880000,0x00000000d5880000,0x00000000d5f80000)
 ParOldGen       total 201216K, used 200896K [0x0000000080000000, 0x000000008c480000, 0x00000000d5580000)
  object space 201216K, 99% used [0x0000000080000000,0x000000008c430070,0x000000008c480000)
 Metaspace       used 77912K, committed 79488K, reserved 1179648K
  class space    used 7897K, committed 8704K, reserved 1048576K
}
Event: 6998.612 GC heap before
{Heap before GC invocations=805 (full 4):
 PSYoungGen      total 7680K, used 7673K [0x00000000d5580000, 0x00000000d6900000, 0x0000000100000000)
  eden space 3072K, 100% used [0x00000000d5580000,0x00000000d5880000,0x00000000d5880000)
  from space 4608K, 99% used [0x00000000d5f80000,0x00000000d63fe7d8,0x00000000d6400000)
  to   space 7168K, 0% used [0x00000000d5880000,0x00000000d5880000,0x00000000d5f80000)
 ParOldGen       total 201216K, used 200896K [0x0000000080000000, 0x000000008c480000, 0x00000000d5580000)
  object space 201216K, 99% used [0x0000000080000000,0x000000008c430070,0x000000008c480000)
 Metaspace       used 77936K, committed 79488K, reserved 1179648K
  class space    used 7897K, committed 8704K, reserved 1048576K
}
Event: 6998.616 GC heap after
{Heap after GC invocations=805 (full 4):
 PSYoungGen      total 3584K, used 416K [0x00000000d5580000, 0x00000000d6000000, 0x0000000100000000)
  eden space 3072K, 0% used [0x00000000d5580000,0x00000000d5580000,0x00000000d5880000)
  from space 512K, 81% used [0x00000000d5880000,0x00000000d58e8000,0x00000000d5900000)
  to   space 2560K, 0% used [0x00000000d5d80000,0x00000000d5d80000,0x00000000d6000000)
 ParOldGen       total 201728K, used 201288K [0x0000000080000000, 0x000000008c500000, 0x00000000d5580000)
  object space 201728K, 99% used [0x0000000080000000,0x000000008c492070,0x000000008c500000)
 Metaspace       used 77936K, committed 79488K, reserved 1179648K
  class space    used 7897K, committed 8704K, reserved 1048576K
}
Event: 7169.922 GC heap before
{Heap before GC invocations=806 (full 4):
 PSYoungGen      total 3584K, used 3319K [0x00000000d5580000, 0x00000000d6000000, 0x0000000100000000)
  eden space 3072K, 94% used [0x00000000d5580000,0x00000000d5855f08,0x00000000d5880000)
  from space 512K, 81% used [0x00000000d5880000,0x00000000d58e8000,0x00000000d5900000)
  to   space 2560K, 0% used [0x00000000d5d80000,0x00000000d5d80000,0x00000000d6000000)
 ParOldGen       total 201728K, used 201288K [0x0000000080000000, 0x000000008c500000, 0x00000000d5580000)
  object space 201728K, 99% used [0x0000000080000000,0x000000008c492070,0x000000008c500000)
 Metaspace       used 77961K, committed 79552K, reserved 1179648K
  class space    used 7897K, committed 8704K, reserved 1048576K
}
Event: 7169.998 GC heap after
{Heap after GC invocations=806 (full 4):
 PSYoungGen      total 3584K, used 288K [0x00000000d5580000, 0x00000000d5e00000, 0x0000000100000000)
  eden space 3072K, 0% used [0x00000000d5580000,0x00000000d5580000,0x00000000d5880000)
  from space 512K, 56% used [0x00000000d5d80000,0x00000000d5dc8000,0x00000000d5e00000)
  to   space 1024K, 0% used [0x00000000d5c00000,0x00000000d5c00000,0x00000000d5d00000)
 ParOldGen       total 201728K, used 201486K [0x0000000080000000, 0x000000008c500000, 0x00000000d5580000)
  object space 201728K, 99% used [0x0000000080000000,0x000000008c4c3b18,0x000000008c500000)
 Metaspace       used 77961K, committed 79552K, reserved 1179648K
  class space    used 7897K, committed 8704K, reserved 1048576K
}
Event: 7170.027 GC heap before
{Heap before GC invocations=807 (full 4):
 PSYoungGen      total 3584K, used 3347K [0x00000000d5580000, 0x00000000d5e00000, 0x0000000100000000)
  eden space 3072K, 99% used [0x00000000d5580000,0x00000000d587ce80,0x00000000d5880000)
  from space 512K, 56% used [0x00000000d5d80000,0x00000000d5dc8000,0x00000000d5e00000)
  to   space 1024K, 0% used [0x00000000d5c00000,0x00000000d5c00000,0x00000000d5d00000)
 ParOldGen       total 201728K, used 201486K [0x0000000080000000, 0x000000008c500000, 0x00000000d5580000)
  object space 201728K, 99% used [0x0000000080000000,0x000000008c4c3b18,0x000000008c500000)
 Metaspace       used 77961K, committed 79552K, reserved 1179648K
  class space    used 7897K, committed 8704K, reserved 1048576K
}
Event: 7170.029 GC heap after
{Heap after GC invocations=807 (full 4):
 PSYoungGen      total 4096K, used 288K [0x00000000d5580000, 0x00000000d5e00000, 0x0000000100000000)
  eden space 3072K, 0% used [0x00000000d5580000,0x00000000d5580000,0x00000000d5880000)
  from space 1024K, 28% used [0x00000000d5c00000,0x00000000d5c48000,0x00000000d5d00000)
  to   space 512K, 0% used [0x00000000d5d80000,0x00000000d5d80000,0x00000000d5e00000)
 ParOldGen       total 201728K, used 201574K [0x0000000080000000, 0x000000008c500000, 0x00000000d5580000)
  object space 201728K, 99% used [0x0000000080000000,0x000000008c4d9b28,0x000000008c500000)
 Metaspace       used 77961K, committed 79552K, reserved 1179648K
  class space    used 7897K, committed 8704K, reserved 1048576K
}
Event: 7170.082 GC heap before
{Heap before GC invocations=808 (full 4):
 PSYoungGen      total 4096K, used 3135K [0x00000000d5580000, 0x00000000d5e00000, 0x0000000100000000)
  eden space 3072K, 92% used [0x00000000d5580000,0x00000000d5847f58,0x00000000d5880000)
  from space 1024K, 28% used [0x00000000d5c00000,0x00000000d5c48000,0x00000000d5d00000)
  to   space 512K, 0% used [0x00000000d5d80000,0x00000000d5d80000,0x00000000d5e00000)
 ParOldGen       total 201728K, used 201574K [0x0000000080000000, 0x000000008c500000, 0x00000000d5580000)
  object space 201728K, 99% used [0x0000000080000000,0x000000008c4d9b28,0x000000008c500000)
 Metaspace       used 77961K, committed 79552K, reserved 1179648K
  class space    used 7897K, committed 8704K, reserved 1048576K
}
Event: 7170.084 GC heap after
{Heap after GC invocations=808 (full 4):
 PSYoungGen      total 3584K, used 192K [0x00000000d5580000, 0x00000000d5e00000, 0x0000000100000000)
  eden space 3072K, 0% used [0x00000000d5580000,0x00000000d5580000,0x00000000d5880000)
  from space 512K, 37% used [0x00000000d5d80000,0x00000000d5db0000,0x00000000d5e00000)
  to   space 512K, 0% used [0x00000000d5d00000,0x00000000d5d00000,0x00000000d5d80000)
 ParOldGen       total 201728K, used 201606K [0x0000000080000000, 0x000000008c500000, 0x00000000d5580000)
  object space 201728K, 99% used [0x0000000080000000,0x000000008c4e1b28,0x000000008c500000)
 Metaspace       used 77961K, committed 79552K, reserved 1179648K
  class space    used 7897K, committed 8704K, reserved 1048576K
}
Event: 7170.135 GC heap before
{Heap before GC invocations=809 (full 4):
 PSYoungGen      total 3584K, used 3264K [0x00000000d5580000, 0x00000000d5e00000, 0x0000000100000000)
  eden space 3072K, 100% used [0x00000000d5580000,0x00000000d5880000,0x00000000d5880000)
  from space 512K, 37% used [0x00000000d5d80000,0x00000000d5db0000,0x00000000d5e00000)
  to   space 512K, 0% used [0x00000000d5d00000,0x00000000d5d00000,0x00000000d5d80000)
 ParOldGen       total 201728K, used 201606K [0x0000000080000000, 0x000000008c500000, 0x00000000d5580000)
  object space 201728K, 99% used [0x0000000080000000,0x000000008c4e1b28,0x000000008c500000)
 Metaspace       used 77962K, committed 79552K, reserved 1179648K
  class space    used 7897K, committed 8704K, reserved 1048576K
}
Event: 7170.144 GC heap after
{Heap after GC invocations=809 (full 4):
 PSYoungGen      total 3584K, used 320K [0x00000000d5580000, 0x00000000d5e00000, 0x0000000100000000)
  eden space 3072K, 0% used [0x00000000d5580000,0x00000000d5580000,0x00000000d5880000)
  from space 512K, 62% used [0x00000000d5d00000,0x00000000d5d50000,0x00000000d5d80000)
  to   space 512K, 0% used [0x00000000d5d80000,0x00000000d5d80000,0x00000000d5e00000)
 ParOldGen       total 201728K, used 201670K [0x0000000080000000, 0x000000008c500000, 0x00000000d5580000)
  object space 201728K, 99% used [0x0000000080000000,0x000000008c4f1b28,0x000000008c500000)
 Metaspace       used 77962K, committed 79552K, reserved 1179648K
  class space    used 7897K, committed 8704K, reserved 1048576K
}

